2023-05-11T04:54:06.965Z - [ERROR  ] - error
2023-05-11T04:54:06.969Z - [WARN   ] - warn
2023-05-11T04:54:06.969Z - [INFO   ] - info
2023-05-11T04:54:06.978Z - [INFO   ] - app is running in mode:
2023-05-11T04:58:34.878Z - [INFO   ] - user successfull logged in
2023-05-11T05:39:46.378Z - [ERROR  ] - error
2023-05-11T05:39:46.388Z - [WARN   ] - warn
2023-05-11T05:39:46.389Z - [INFO   ] - info
2023-05-11T05:39:46.398Z - [INFO   ] - app is running in mode:
2023-05-15T12:31:14.751Z - [ERROR  ] - error
2023-05-15T12:31:14.754Z - [WARN   ] - warn
2023-05-15T12:31:14.754Z - [INFO   ] - info
2023-05-15T12:31:15.020Z - [INFO   ] - app is running in mode:
2024-04-20T08:12:48.267Z - [ERROR  ] - error
2024-04-20T08:12:48.270Z - [WARN   ] - warn
2024-04-20T08:12:48.270Z - [INFO   ] - info
2024-04-20T08:12:48.281Z - [INFO   ] - app is running in mode:
2024-04-20T09:06:08.941Z - [ERROR  ] - error
2024-04-20T09:06:08.943Z - [WARN   ] - warn
2024-04-20T09:06:08.943Z - [INFO   ] - info
2024-04-20T09:06:08.948Z - [INFO   ] - app is running in mode:
2024-04-20T09:12:07.312Z - [ERROR  ] - error
2024-04-20T09:12:07.315Z - [WARN   ] - warn
2024-04-20T09:12:07.315Z - [INFO   ] - info
2024-04-20T09:12:07.321Z - [INFO   ] - app is running in mode:
2024-04-20T09:13:50.801Z - [ERROR  ] - error
2024-04-20T09:13:50.804Z - [WARN   ] - warn
2024-04-20T09:13:50.805Z - [INFO   ] - info
2024-04-20T09:13:50.811Z - [INFO   ] - app is running in mode:
2024-04-20T09:16:09.811Z - [ERROR  ] - error
2024-04-20T09:16:09.813Z - [WARN   ] - warn
2024-04-20T09:16:09.813Z - [INFO   ] - info
2024-04-20T09:16:09.818Z - [INFO   ] - app is running in mode:
2024-04-20T09:24:00.615Z - [ERROR  ] - error
2024-04-20T09:24:00.617Z - [WARN   ] - warn
2024-04-20T09:24:00.618Z - [INFO   ] - info
2024-04-20T09:24:00.623Z - [INFO   ] - app is running in mode:
2024-04-20T14:43:43.102Z - [ERROR  ] - error
2024-04-20T14:43:43.109Z - [WARN   ] - warn
2024-04-20T14:43:43.109Z - [INFO   ] - info
2024-04-20T14:43:43.119Z - [INFO   ] - app is running in mode:
2024-04-20T15:02:10.281Z - [ERROR  ] - error
2024-04-20T15:02:10.286Z - [WARN   ] - warn
2024-04-20T15:02:10.286Z - [INFO   ] - info
2024-04-20T15:02:10.294Z - [INFO   ] - app is running in mode:
2024-04-20T15:05:05.697Z - [ERROR  ] - error
2024-04-20T15:05:05.702Z - [WARN   ] - warn
2024-04-20T15:05:05.702Z - [INFO   ] - info
2024-04-20T15:05:05.710Z - [INFO   ] - app is running in mode:
2024-04-20T15:05:38.539Z - [ERROR  ] - error
2024-04-20T15:05:38.545Z - [WARN   ] - warn
2024-04-20T15:05:38.546Z - [INFO   ] - info
2024-04-20T15:05:38.556Z - [INFO   ] - app is running in mode:
2024-04-20T15:57:46.480Z - [ERROR  ] - error
2024-04-20T15:57:46.490Z - [WARN   ] - warn
2024-04-20T15:57:46.490Z - [INFO   ] - info
2024-04-20T15:57:46.498Z - [INFO   ] - app is running in mode:
2024-04-20T16:30:50.261Z - [ERROR  ] - error
2024-04-20T16:30:50.265Z - [WARN   ] - warn
2024-04-20T16:30:50.266Z - [INFO   ] - info
2024-04-20T16:30:50.274Z - [INFO   ] - app is running in mode:
2024-04-20T16:38:49.995Z - [ERROR  ] - error
2024-04-20T16:38:49.999Z - [WARN   ] - warn
2024-04-20T16:38:50.000Z - [INFO   ] - info
2024-04-20T16:38:50.008Z - [INFO   ] - app is running in mode:
2024-04-21T12:42:44.184Z - [ERROR  ] - error
2024-04-21T12:42:44.188Z - [WARN   ] - warn
2024-04-21T12:42:44.189Z - [INFO   ] - info
2024-04-21T12:42:44.195Z - [INFO   ] - app is running in mode:
2024-04-21T12:46:46.892Z - [ERROR  ] - error
2024-04-21T12:46:46.896Z - [WARN   ] - warn
2024-04-21T12:46:46.896Z - [INFO   ] - info
2024-04-21T12:46:46.901Z - [INFO   ] - app is running in mode:
2024-04-21T12:47:37.309Z - [INFO   ] - user successfull logged in
2024-04-21T12:57:43.813Z - [ERROR  ] - error
2024-04-21T12:57:43.816Z - [WARN   ] - warn
2024-04-21T12:57:43.816Z - [INFO   ] - info
2024-04-21T12:57:43.821Z - [INFO   ] - app is running in mode:
2024-04-21T12:59:55.594Z - [INFO   ] - user successfull logged in
2024-04-21T13:07:35.048Z - [ERROR  ] - error
2024-04-21T13:07:35.051Z - [WARN   ] - warn
2024-04-21T13:07:35.052Z - [INFO   ] - info
2024-04-21T13:07:35.057Z - [INFO   ] - app is running in mode:
2024-04-21T13:41:10.125Z - [ERROR  ] - error
2024-04-21T13:41:10.128Z - [WARN   ] - warn
2024-04-21T13:41:10.128Z - [INFO   ] - info
2024-04-21T13:41:10.136Z - [INFO   ] - app is running in mode:
2024-04-21T13:54:40.951Z - [ERROR  ] - error
2024-04-21T13:54:40.954Z - [WARN   ] - warn
2024-04-21T13:54:40.954Z - [INFO   ] - info
2024-04-21T13:54:40.958Z - [INFO   ] - app is running in mode:
2024-04-21T13:54:58.964Z - [INFO   ] - user successfull logged in
2024-04-21T13:59:11.393Z - [ERROR  ] - error
2024-04-21T13:59:11.396Z - [WARN   ] - warn
2024-04-21T13:59:11.396Z - [INFO   ] - info
2024-04-21T13:59:11.401Z - [INFO   ] - app is running in mode:
2024-04-22T05:27:17.737Z - [ERROR  ] - error
2024-04-22T05:27:17.742Z - [WARN   ] - warn
2024-04-22T05:27:17.742Z - [INFO   ] - info
2024-04-22T05:27:17.750Z - [INFO   ] - app is running in mode:
2024-04-22T05:28:58.796Z - [ERROR  ] - error
2024-04-22T05:28:58.802Z - [WARN   ] - warn
2024-04-22T05:28:58.802Z - [INFO   ] - info
2024-04-22T05:28:58.812Z - [INFO   ] - app is running in mode:
2024-04-22T05:29:29.411Z - [INFO   ] - user successfull logged in
2024-04-22T05:42:26.432Z - [ERROR  ] - error
2024-04-22T05:42:26.436Z - [WARN   ] - warn
2024-04-22T05:42:26.437Z - [INFO   ] - info
2024-04-22T05:42:26.445Z - [INFO   ] - app is running in mode:
2024-04-22T05:42:41.293Z - [ERROR  ] - error
2024-04-22T05:42:41.297Z - [WARN   ] - warn
2024-04-22T05:42:41.297Z - [INFO   ] - info
2024-04-22T05:42:41.304Z - [INFO   ] - app is running in mode:
